make.exe all --print-data-base --no-builtin-variables --no-builtin-rules --question
make: *** No rule to make target 'all'.  Stop.
 
# GNU Make 4.3
# Built for Windows32
# Copyright (C) 1988-2020 Free Software Foundation, Inc.
# License GPLv3+: GNU GPL version 3 or later <http://gnu.org/licenses/gpl.html>
# This is free software: you are free to change and redistribute it.
# There is NO WARRANTY, to the extent permitted by law.
 

# Make data base, printed on Mon Oct 18 22:30:11 2021

# Variables

# environment
SYSTEMDRIVE = C:
# environment
LC_ALL = C
# environment
OCULUSBASE = C:\Program Files\Oculus\
# environment
USERPROFILE = C:\Users\Ethan
# environment
LOCALAPPDATA = C:\Users\Ethan\AppData\Local
# environment
VSCODE_IPC_HOOK_EXTHOST = \\.\pipe\vscode-ipc-b1462b0a-ea49-49bc-89f2-675669e95d72-sock
# environment
WSLENV = WT_SESSION::WT_PROFILE_ID
# environment
VSCODE_CWD = C:\Users\Ethan\Desktop\code\AVAScript
# environment
CHOCOLATEYINSTALL = C:\ProgramData\chocolatey
# environment
SYSTEMROOT = C:\WINDOWS
# environment
PROCESSOR_LEVEL = 6
# environment
PSMODULEPATH = C:\Users\Ethan\Documents\PowerShell\Modules;C:\Program Files\PowerShell\Modules;c:\program files\powershell\7\Modules;C:\Program Files\WindowsPowerShell\Modules;C:\WINDOWS\system32\WindowsPowerShell\v1.0\Modules;C:\Program Files (x86)\Microsoft SQL Server\150\Tools\PowerShell\Modules\
# default
MAKE_COMMAND := C:/ProgramData/chocolatey/lib/make/tools/install/bin/make 
.exe
# environment
GOPATH = C:\Users\Ethan\go
# automatic
@D = $(patsubst %/,%,$(patsubst %\,%,$(dir $@)))
# environment
POWERCORD = C:\Users\Ethan\powercord\
# environment
CHROME_CRASHPAD_PIPE_NAME = \\.\pipe\crashpad_19516_UIJHUGJMRADRPJML
# environment
QEMUPATH = C:\Program Files\qemu
# environment
VSCODE_HANDLES_UNCAUGHT_ERRORS = true
# default
.VARIABLES := 
# automatic
%D = $(patsubst %/,%,$(patsubst %\,%,$(dir $%)))
# automatic
^D = $(patsubst %/,%,$(patsubst %\,%,$(dir $^)))
# environment
VSCODE_LOG_STACK = false
# automatic
%F = $(notdir $%)
# environment
VSCODE_CODE_CACHE_PATH = C:\Users\Ethan\AppData\Roaming\Code\CachedData\c13f1abb110fc756f9b3a6f16670df9cd9d4cf63
# environment
LANG = C
# default
.LOADED := 
# environment
TMP = C:\Users\Ethan\AppData\Local\Temp
# default
.INCLUDE_DIRS = .
# environment
PROCESSOR_ARCHITEW6432 = AMD64
# makefile
MAKEFLAGS = pqrR
# environment
ONEDRIVE = C:\Users\Ethan\OneDrive
# environment
POWERSHELL_DISTRIBUTION_CHANNEL = MSI:Windows 10 Pro
# makefile
CURDIR := c:/Users/Ethan/Desktop/code/AVAScript
# environment
VSCODE_PIPE_LOGGING = true
# environment
APPLICATION_INSIGHTS_NO_DIAGNOSTIC_CHANNEL = true
# automatic
*D = $(patsubst %/,%,$(patsubst %\,%,$(dir $*)))
# environment
PROGRAMFILES = C:\Program Files (x86)
# environment
MFLAGS = -pqrR
# default
.SHELLFLAGS := -c
# environment
COMMONPROGRAMW6432 = C:\Program Files\Common Files
# automatic
+D = $(patsubst %/,%,$(patsubst %\,%,$(dir $+)))
# makefile (from 'Makefile', line 1)
MAKEFILE_LIST := Makefile
# automatic
@F = $(notdir $@)
# environment
VSCODE_VERBOSE_LOGGING = true
# environment
VSCODE_PID = 19516
# automatic
?D = $(patsubst %/,%,$(patsubst %\,%,$(dir $?)))
# environment
WT_PROFILE_ID = {574e775e-4f2a-5b96-ac1e-a2962a402336}
# automatic
*F = $(notdir $*)
# automatic
<D = $(patsubst %/,%,$(patsubst %\,%,$(dir $<)))
# environment
VSCODE_NLS_CONFIG = {"locale":"en-gb","availableLanguages":{},"_languagePackSupport":true}
# environment
ONEDRIVECONSUMER = C:\Users\Ethan\OneDrive
# default
MAKE_HOST := Windows32
# environment
PROGRAMDATA = C:\ProgramData
# default
SHELL := sh.exe
# environment
POWERCORD-THEMES = C:\Users\Ethan\powercord\src\Powercord\themes\
# environment
HOMEPATH = \Users\Ethan
# default
MAKECMDGOALS := all
# environment
DRIVERDATA = C:\Windows\System32\Drivers\DriverData
# environment
COMSPEC = C:\WINDOWS\system32\cmd.exe
# environment
WINDIR = C:\WINDOWS
# environment
MAKELEVEL := 0
# default
MAKE = $(MAKE_COMMAND)
# environment
PATH = C:\Program Files\PowerShell\7;D:\Program Files (x86)\VMware Workstation Player\bin\;C:\Program Files (x86)\Common Files\Oracle\Java\javapath;C:\Program Files\Common Files\Oracle\Java\javapath;C:\Program Files\Oculus\Support\oculus-runtime;C:\Windows\system32;C:\Windows;C:\Windows\System32\Wbem;C:\Windows\System32\WindowsPowerShell\v1.0\;C:\Windows\System32\OpenSSH\;C:\Program Files\NVIDIA Corporation\NVIDIA NvDLISR;C:\Program Files\Git\cmd;C:\Program Files\nodejs\;C:\ProgramData\chocolatey\bin;C:\Program Files (x86)\NVIDIA Corporation\PhysX\Common;C:\Program Files\dotnet\;C:\Program Files\Git LFS;C:\Program Files\PowerShell\7\;C:\Program Files\Go\bin;C:\Program Files\PuTTY\;C:\Program Files\WorldPainter;C:\MinGW\bin;C:\Program Files\CMake\bin;C:\Program Files\Azure Data Studio\bin;C:\Program Files\Microsoft SQL Server\Client SDK\ODBC\170\Tools\Binn\;C:\Program Files (x86)\Microsoft SQL Server\150\Tools\Binn\;C:\Program Files\Microsoft SQL Server\150\Tools\Binn\;C:\Program Files\Microsoft SQL Server\150\DTS\Binn\;%SystemRoot%\system32;%SystemRoot%;%SystemRoot%\System32\Wbem;%SYSTEMROOT%\System32\WindowsPowerShell\v1.0\;%SYSTEMROOT%\System32\OpenSSH\;C:\Users\Ethan\AppData\Local\Programs\Python\Python39\Scripts\;C:\Users\Ethan\AppData\Local\Programs\Python\Python39\;C:\Users\Ethan\AppData\Local\Programs\Python\Launcher\;C:\Python39\Scripts\;C:\Python39\;C:\Users\Ethan\AppData\Local\Microsoft\WindowsApps;C:\Users\Ethan\AppData\Local\GitHubDesktop\bin;C:\Users\Ethan\AppData\Roaming\npm;C:\Users\Ethan\.dotnet\tools;C:\Users\Ethan\AppData\Local\Programs\Microsoft VS Code\bin;C:\Users\Ethan\go\bin;C:\Users\Ethan\spicetify-cli;C:\Program Files\heroku\bin;C:\Users\Ethan\AppData\Local\Microsoft\WindowsApps
# environment
COMPUTERNAME = DESKTOP-KL1JHQH
# default
MAKEFILES := 
# automatic
^F = $(notdir $^)
# environment
PROMPT = $P$G
# environment
CHOCOLATEYLASTPATHUPDATE = 132544374767853951
# environment
WT_SESSION = 6c4bc0da-69e9-48dd-b8d3-d6e427cabbee
# environment
LOGONSERVER = \\DESKTOP-KL1JHQH
# environment
VSCODE_LOG_NATIVE = false
# environment
USERNAME = Ethan
# environment
COMMONPROGRAMFILES = C:\Program Files (x86)\Common Files
# automatic
?F = $(notdir $?)
# environment
POWERCORD-PLUGINS = C:\Users\Ethan\powercord\src\Powercord\plugins\
# environment
PROGRAMW6432 = C:\Program Files
# makefile (from 'Makefile', line 1)
exec = AVAS.exe 
# environment
PATHEXT = .COM;.EXE;.BAT;.CMD;.VBS;.VBE;.JS;.JSE;.WSF;.WSH;.MSC;.CPL
# automatic
+F = $(notdir $+)
# environment
ORIGINAL_XDG_CURRENT_DESKTOP = undefined
# environment
USERDOMAIN = DESKTOP-KL1JHQH
# 'override' directive
GNUMAKEFLAGS := 
# environment
GIT_LFS_PATH = C:\Program Files\Git LFS
# environment
OS = Windows_NT
# makefile
.DEFAULT_GOAL := 
# default
MAKE_VERSION := 4.3
# environment
PROGRAMFILES(X86) = C:\Program Files (x86)
# environment
USERDOMAIN_ROAMINGPROFILE = DESKTOP-KL1JHQH
# environment
NUMBER_OF_PROCESSORS = 16
# environment
PUBLIC = C:\Users\Public
# environment
ASL.LOG = Destination=file
# environment
JDK16 = D:\djdk\jdk-16.0.1\bin\
# environment
APPDATA = C:\Users\Ethan\AppData\Roaming
# environment
HOMEDRIVE = C:
# environment
PROCESSOR_ARCHITECTURE = x86
# environment
VSCODE_AMD_ENTRYPOINT = vs/workbench/services/extensions/node/extensionHostProcess
# environment
COMMONPROGRAMFILES(X86) = C:\Program Files (x86)\Common Files
# environment
ELECTRON_RUN_AS_NODE = 1
# environment
TEMP = C:\Users\Ethan\AppData\Local\Temp
# environment
VSCODE_IPC_HOOK = \\.\pipe\22fefbb933c80777ab973fdba083a407-1.61.1-main-sock
# environment
YTDL = C:\bins\ytdl\youtube-dl.exe
# default
.RECIPEPREFIX := 
# automatic
<F = $(notdir $<)
# default
SUFFIXES := 
# environment
ALLUSERSPROFILE = C:\ProgramData
# environment
VSCODE_CLI = 1
# environment
ELECTRON_NO_ATTACH_CONSOLE = 1
# default
.FEATURES := target-specific order-only second-expansion else-if shortest-stem undefine oneshell nocomment grouped-target extra-prereqs archives jobserver output-sync load
# environment
PROCESSOR_REVISION = 9e0d
# environment
PROCESSOR_IDENTIFIER = Intel64 Family 6 Model 158 Stepping 13, GenuineIntel
# variable set hash-table stats:
# Load=111/1024=11%, Rehash=0, Collisions=13/137=9%

# Pattern-specific Variable Values

# No pattern-specific variable values.

# Directories

# . (key c:/Users/Ethan/Desktop/code/AVAScript, mtime 1634592611): 10 files, no impossibilities.

# 10 files, no impossibilities in 1 directories.

# Implicit Rules

# No implicit rules.

# Files

# Not a target:
Makefile:
#  Implicit rule search has been done.
#  Last modified 2021-10-18 22:19:05
#  File has been updated.
#  Successfully updated.

# Not a target:
.DEFAULT:
#  Implicit rule search has not been done.
#  Modification time never checked.
#  File has not been updated.

# Not a target:
all:
#  Command line target.
#  Implicit rule search has been done.
#  File does not exist.
#  File has not been updated.

# files hash-table stats:
# Load=4/1024=0%, Rehash=0, Collisions=0/14=0%
# VPATH Search Paths

# No 'vpath' search paths.

# No general ('VPATH' variable) search path.

# strcache buffers: 1 (0) / strings = 13 / storage = 92 B / avg = 7 B
# current buf: size = 8174 B / used = 92 B / count = 13 / avg = 7 B

# strcache performance: lookups = 17 / hit rate = 23%
# hash-table stats:
# Load=13/8192=0%, Rehash=0, Collisions=0/17=0%
# Finished Make data base on Mon Oct 18 22:30:11 2021

 
